2024-07-15 18:20:40,821 INFO o.s.b.StartupInfoLogger [main] Starting Application using Java 22.0.1 with PID 8100 (E:\PROGRAMMING\JAVA\PROJECTS\Ambalaj\target\classes started by moham in E:\PROGRAMMING\JAVA\PROJECTS\Ambalaj)
2024-07-15 18:20:40,823 INFO o.s.b.SpringApplication [main] The following 1 profile is active: "dev"
2024-07-15 18:20:41,364 INFO o.s.d.r.c.RepositoryConfigurationDelegate [main] Bootstrapping Spring Data JPA repositories in DEFAULT mode.
2024-07-15 18:20:41,383 INFO o.s.d.r.c.RepositoryConfigurationDelegate [main] Finished Spring Data repository scanning in 12 ms. Found 0 JPA repository interfaces.
2024-07-15 18:20:42,029 INFO o.s.b.w.e.t.TomcatWebServer [main] Tomcat initialized with port 8080 (http)
2024-07-15 18:20:42,039 INFO o.a.j.l.DirectJDKLog [main] Initializing ProtocolHandler ["http-nio-8080"]
2024-07-15 18:20:42,042 INFO o.a.j.l.DirectJDKLog [main] Starting service [Tomcat]
2024-07-15 18:20:42,042 INFO o.a.j.l.DirectJDKLog [main] Starting Servlet engine: [Apache Tomcat/10.1.25]
2024-07-15 18:20:42,106 INFO o.a.j.l.DirectJDKLog [main] Initializing Spring embedded WebApplicationContext
2024-07-15 18:20:42,107 INFO o.s.b.w.s.c.ServletWebServerApplicationContext [main] Root WebApplicationContext: initialization completed in 1247 ms
2024-07-15 18:20:42,259 INFO o.h.j.i.u.LogHelper [main] HHH000204: Processing PersistenceUnitInfo [name: default]
2024-07-15 18:20:42,313 INFO o.h.Version [main] HHH000412: Hibernate ORM core version 6.5.2.Final
2024-07-15 18:20:42,343 INFO o.h.c.i.RegionFactoryInitiator [main] HHH000026: Second-level cache disabled
2024-07-15 18:20:42,607 INFO o.s.o.j.p.SpringPersistenceUnitInfo [main] No LoadTimeWeaver setup: ignoring JPA class transformer
2024-07-15 18:20:42,628 INFO c.z.h.HikariDataSource [main] HikariPool-1 - Starting...
2024-07-15 18:20:42,780 INFO c.z.h.p.HikariPool [main] HikariPool-1 - Added connection org.postgresql.jdbc.PgConnection@7afb9c93
2024-07-15 18:20:42,781 INFO c.z.h.HikariDataSource [main] HikariPool-1 - Start completed.
2024-07-15 18:20:43,098 INFO o.h.e.t.j.p.i.JtaPlatformInitiator [main] HHH000489: No JTA platform available (set 'hibernate.transaction.jta.platform' to enable JTA platform integration)
2024-07-15 18:20:43,102 INFO o.s.o.j.AbstractEntityManagerFactoryBean [main] Initialized JPA EntityManagerFactory for persistence unit 'default'
2024-07-15 18:20:43,187 WARN o.s.b.a.o.j.JpaBaseConfiguration$JpaWebConfiguration [main] spring.jpa.open-in-view is enabled by default. Therefore, database queries may be performed during view rendering. Explicitly configure spring.jpa.open-in-view to disable this warning
2024-07-15 18:20:43,708 INFO o.a.j.l.DirectJDKLog [main] Starting ProtocolHandler ["http-nio-8080"]
2024-07-15 18:20:43,726 INFO o.s.b.w.e.t.TomcatWebServer [main] Tomcat started on port 8080 (http) with context path '/'
2024-07-15 18:20:43,733 INFO o.s.b.StartupInfoLogger [main] Started Application in 3.393 seconds (process running for 3.754)
2024-07-15 18:22:09,035 INFO o.s.o.j.AbstractEntityManagerFactoryBean [SpringApplicationShutdownHook] Closing JPA EntityManagerFactory for persistence unit 'default'
2024-07-15 18:22:09,037 INFO c.z.h.HikariDataSource [SpringApplicationShutdownHook] HikariPool-1 - Shutdown initiated...
2024-07-15 18:22:09,041 INFO c.z.h.HikariDataSource [SpringApplicationShutdownHook] HikariPool-1 - Shutdown completed.
2024-07-15 18:22:10,756 INFO o.s.b.StartupInfoLogger [main] Starting Application using Java 22.0.1 with PID 18880 (E:\PROGRAMMING\JAVA\PROJECTS\Ambalaj\target\classes started by moham in E:\PROGRAMMING\JAVA\PROJECTS\Ambalaj)
2024-07-15 18:22:10,757 INFO o.s.b.SpringApplication [main] The following 1 profile is active: "dev"
2024-07-15 18:22:11,332 INFO o.s.d.r.c.RepositoryConfigurationDelegate [main] Bootstrapping Spring Data JPA repositories in DEFAULT mode.
2024-07-15 18:22:11,349 INFO o.s.d.r.c.RepositoryConfigurationDelegate [main] Finished Spring Data repository scanning in 11 ms. Found 0 JPA repository interfaces.
2024-07-15 18:22:11,967 INFO o.s.b.w.e.t.TomcatWebServer [main] Tomcat initialized with port 8080 (http)
2024-07-15 18:22:11,978 INFO o.a.j.l.DirectJDKLog [main] Initializing ProtocolHandler ["http-nio-8080"]
2024-07-15 18:22:11,980 INFO o.a.j.l.DirectJDKLog [main] Starting service [Tomcat]
2024-07-15 18:22:11,981 INFO o.a.j.l.DirectJDKLog [main] Starting Servlet engine: [Apache Tomcat/10.1.25]
2024-07-15 18:22:12,046 INFO o.a.j.l.DirectJDKLog [main] Initializing Spring embedded WebApplicationContext
2024-07-15 18:22:12,048 INFO o.s.b.w.s.c.ServletWebServerApplicationContext [main] Root WebApplicationContext: initialization completed in 1254 ms
2024-07-15 18:22:12,207 INFO o.h.j.i.u.LogHelper [main] HHH000204: Processing PersistenceUnitInfo [name: default]
2024-07-15 18:22:12,254 INFO o.h.Version [main] HHH000412: Hibernate ORM core version 6.5.2.Final
2024-07-15 18:22:12,281 INFO o.h.c.i.RegionFactoryInitiator [main] HHH000026: Second-level cache disabled
2024-07-15 18:22:12,527 INFO o.s.o.j.p.SpringPersistenceUnitInfo [main] No LoadTimeWeaver setup: ignoring JPA class transformer
2024-07-15 18:22:12,550 INFO c.z.h.HikariDataSource [main] HikariPool-1 - Starting...
2024-07-15 18:22:12,702 INFO c.z.h.p.HikariPool [main] HikariPool-1 - Added connection org.postgresql.jdbc.PgConnection@1d1c37d5
2024-07-15 18:22:12,703 INFO c.z.h.HikariDataSource [main] HikariPool-1 - Start completed.
2024-07-15 18:22:13,018 INFO o.h.e.t.j.p.i.JtaPlatformInitiator [main] HHH000489: No JTA platform available (set 'hibernate.transaction.jta.platform' to enable JTA platform integration)
2024-07-15 18:22:13,021 INFO o.s.o.j.AbstractEntityManagerFactoryBean [main] Initialized JPA EntityManagerFactory for persistence unit 'default'
2024-07-15 18:22:13,104 WARN o.s.b.a.o.j.JpaBaseConfiguration$JpaWebConfiguration [main] spring.jpa.open-in-view is enabled by default. Therefore, database queries may be performed during view rendering. Explicitly configure spring.jpa.open-in-view to disable this warning
2024-07-15 18:22:13,619 INFO o.a.j.l.DirectJDKLog [main] Starting ProtocolHandler ["http-nio-8080"]
2024-07-15 18:22:13,638 INFO o.s.b.w.e.t.TomcatWebServer [main] Tomcat started on port 8080 (http) with context path '/'
2024-07-15 18:22:13,648 INFO o.s.b.StartupInfoLogger [main] Started Application in 3.367 seconds (process running for 3.738)
2024-07-15 18:23:18,199 INFO o.a.j.l.DirectJDKLog [http-nio-8080-exec-2] Initializing Spring DispatcherServlet 'dispatcherServlet'
2024-07-15 18:23:18,199 INFO o.s.w.s.FrameworkServlet [http-nio-8080-exec-2] Initializing Servlet 'dispatcherServlet'
2024-07-15 18:23:18,200 INFO o.s.w.s.FrameworkServlet [http-nio-8080-exec-2] Completed initialization in 0 ms
2024-07-15 18:27:30,899 INFO o.s.o.j.AbstractEntityManagerFactoryBean [SpringApplicationShutdownHook] Closing JPA EntityManagerFactory for persistence unit 'default'
2024-07-15 18:27:30,901 INFO c.z.h.HikariDataSource [SpringApplicationShutdownHook] HikariPool-1 - Shutdown initiated...
2024-07-15 18:27:30,903 INFO c.z.h.HikariDataSource [SpringApplicationShutdownHook] HikariPool-1 - Shutdown completed.
2024-07-15 18:27:33,805 INFO o.s.b.StartupInfoLogger [main] Starting Application using Java 22.0.1 with PID 26900 (E:\PROGRAMMING\JAVA\PROJECTS\Ambalaj\target\classes started by moham in E:\PROGRAMMING\JAVA\PROJECTS\Ambalaj)
2024-07-15 18:27:33,807 INFO o.s.b.SpringApplication [main] The following 1 profile is active: "dev"
2024-07-15 18:27:34,372 INFO o.s.d.r.c.RepositoryConfigurationDelegate [main] Bootstrapping Spring Data JPA repositories in DEFAULT mode.
2024-07-15 18:27:34,392 INFO o.s.d.r.c.RepositoryConfigurationDelegate [main] Finished Spring Data repository scanning in 12 ms. Found 0 JPA repository interfaces.
2024-07-15 18:27:34,988 INFO o.s.b.w.e.t.TomcatWebServer [main] Tomcat initialized with port 8080 (http)
2024-07-15 18:27:34,997 INFO o.a.j.l.DirectJDKLog [main] Initializing ProtocolHandler ["http-nio-8080"]
2024-07-15 18:27:35,000 INFO o.a.j.l.DirectJDKLog [main] Starting service [Tomcat]
2024-07-15 18:27:35,000 INFO o.a.j.l.DirectJDKLog [main] Starting Servlet engine: [Apache Tomcat/10.1.25]
2024-07-15 18:27:35,068 INFO o.a.j.l.DirectJDKLog [main] Initializing Spring embedded WebApplicationContext
2024-07-15 18:27:35,069 INFO o.s.b.w.s.c.ServletWebServerApplicationContext [main] Root WebApplicationContext: initialization completed in 1226 ms
2024-07-15 18:27:35,239 INFO o.h.j.i.u.LogHelper [main] HHH000204: Processing PersistenceUnitInfo [name: default]
2024-07-15 18:27:35,296 INFO o.h.Version [main] HHH000412: Hibernate ORM core version 6.5.2.Final
2024-07-15 18:27:35,325 INFO o.h.c.i.RegionFactoryInitiator [main] HHH000026: Second-level cache disabled
2024-07-15 18:27:35,570 INFO o.s.o.j.p.SpringPersistenceUnitInfo [main] No LoadTimeWeaver setup: ignoring JPA class transformer
2024-07-15 18:27:35,593 INFO c.z.h.HikariDataSource [main] HikariPool-1 - Starting...
2024-07-15 18:27:35,747 INFO c.z.h.p.HikariPool [main] HikariPool-1 - Added connection org.postgresql.jdbc.PgConnection@7afb9c93
2024-07-15 18:27:35,748 INFO c.z.h.HikariDataSource [main] HikariPool-1 - Start completed.
2024-07-15 18:27:36,062 INFO o.h.e.t.j.p.i.JtaPlatformInitiator [main] HHH000489: No JTA platform available (set 'hibernate.transaction.jta.platform' to enable JTA platform integration)
2024-07-15 18:27:36,066 INFO o.s.o.j.AbstractEntityManagerFactoryBean [main] Initialized JPA EntityManagerFactory for persistence unit 'default'
2024-07-15 18:27:36,152 WARN o.s.b.a.o.j.JpaBaseConfiguration$JpaWebConfiguration [main] spring.jpa.open-in-view is enabled by default. Therefore, database queries may be performed during view rendering. Explicitly configure spring.jpa.open-in-view to disable this warning
2024-07-15 18:27:36,663 INFO o.a.j.l.DirectJDKLog [main] Starting ProtocolHandler ["http-nio-8080"]
2024-07-15 18:27:36,679 INFO o.s.b.w.e.t.TomcatWebServer [main] Tomcat started on port 8080 (http) with context path '/'
2024-07-15 18:27:36,686 INFO o.s.b.StartupInfoLogger [main] Started Application in 3.356 seconds (process running for 3.705)
2024-07-15 18:27:39,484 INFO o.a.j.l.DirectJDKLog [http-nio-8080-exec-2] Initializing Spring DispatcherServlet 'dispatcherServlet'
2024-07-15 18:27:39,485 INFO o.s.w.s.FrameworkServlet [http-nio-8080-exec-2] Initializing Servlet 'dispatcherServlet'
2024-07-15 18:27:39,486 INFO o.s.w.s.FrameworkServlet [http-nio-8080-exec-2] Completed initialization in 1 ms
2024-07-15 18:27:39,542 ERROR c.A.A.e.DevelopmentGlobalExceptionHandler [http-nio-8080-exec-2] An error occurred: No static resource api/v1/student.
org.springframework.web.servlet.resource.NoResourceFoundException: No static resource api/v1/student.
	at org.springframework.web.servlet.resource.ResourceHttpRequestHandler.handleRequest(ResourceHttpRequestHandler.java:585)
	at org.springframework.web.servlet.mvc.HttpRequestHandlerAdapter.handle(HttpRequestHandlerAdapter.java:52)
	at org.springframework.web.servlet.DispatcherServlet.doDispatch(DispatcherServlet.java:1089)
	at org.springframework.web.servlet.DispatcherServlet.doService(DispatcherServlet.java:979)
	at org.springframework.web.servlet.FrameworkServlet.processRequest(FrameworkServlet.java:1014)
	at org.springframework.web.servlet.FrameworkServlet.doGet(FrameworkServlet.java:903)
	at jakarta.servlet.http.HttpServlet.service(HttpServlet.java:564)
	at org.springframework.web.servlet.FrameworkServlet.service(FrameworkServlet.java:885)
	at jakarta.servlet.http.HttpServlet.service(HttpServlet.java:658)
	at org.apache.catalina.core.ApplicationFilterChain.internalDoFilter(ApplicationFilterChain.java:195)
	at org.apache.catalina.core.ApplicationFilterChain.doFilter(ApplicationFilterChain.java:140)
	at org.apache.tomcat.websocket.server.WsFilter.doFilter(WsFilter.java:51)
	at org.apache.catalina.core.ApplicationFilterChain.internalDoFilter(ApplicationFilterChain.java:164)
	at org.apache.catalina.core.ApplicationFilterChain.doFilter(ApplicationFilterChain.java:140)
	at org.springframework.web.filter.RequestContextFilter.doFilterInternal(RequestContextFilter.java:100)
	at org.springframework.web.filter.OncePerRequestFilter.doFilter(OncePerRequestFilter.java:116)
	at org.apache.catalina.core.ApplicationFilterChain.internalDoFilter(ApplicationFilterChain.java:164)
	at org.apache.catalina.core.ApplicationFilterChain.doFilter(ApplicationFilterChain.java:140)
	at org.springframework.web.filter.FormContentFilter.doFilterInternal(FormContentFilter.java:93)
	at org.springframework.web.filter.OncePerRequestFilter.doFilter(OncePerRequestFilter.java:116)
	at org.apache.catalina.core.ApplicationFilterChain.internalDoFilter(ApplicationFilterChain.java:164)
	at org.apache.catalina.core.ApplicationFilterChain.doFilter(ApplicationFilterChain.java:140)
	at org.springframework.web.filter.CharacterEncodingFilter.doFilterInternal(CharacterEncodingFilter.java:201)
	at org.springframework.web.filter.OncePerRequestFilter.doFilter(OncePerRequestFilter.java:116)
	at org.apache.catalina.core.ApplicationFilterChain.internalDoFilter(ApplicationFilterChain.java:164)
	at org.apache.catalina.core.ApplicationFilterChain.doFilter(ApplicationFilterChain.java:140)
	at org.apache.catalina.core.StandardWrapperValve.invoke(StandardWrapperValve.java:167)
	at org.apache.catalina.core.StandardContextValve.invoke(StandardContextValve.java:90)
	at org.apache.catalina.authenticator.AuthenticatorBase.invoke(AuthenticatorBase.java:482)
	at org.apache.catalina.core.StandardHostValve.invoke(StandardHostValve.java:115)
	at org.apache.catalina.valves.ErrorReportValve.invoke(ErrorReportValve.java:93)
	at org.apache.catalina.core.StandardEngineValve.invoke(StandardEngineValve.java:74)
	at org.apache.catalina.connector.CoyoteAdapter.service(CoyoteAdapter.java:344)
	at org.apache.coyote.http11.Http11Processor.service(Http11Processor.java:389)
	at org.apache.coyote.AbstractProcessorLight.process(AbstractProcessorLight.java:63)
	at org.apache.coyote.AbstractProtocol$ConnectionHandler.process(AbstractProtocol.java:904)
	at org.apache.tomcat.util.net.NioEndpoint$SocketProcessor.doRun(NioEndpoint.java:1741)
	at org.apache.tomcat.util.net.SocketProcessorBase.run(SocketProcessorBase.java:52)
	at org.apache.tomcat.util.threads.ThreadPoolExecutor.runWorker(ThreadPoolExecutor.java:1190)
	at org.apache.tomcat.util.threads.ThreadPoolExecutor$Worker.run(ThreadPoolExecutor.java:659)
	at org.apache.tomcat.util.threads.TaskThread$WrappingRunnable.run(TaskThread.java:63)
	at java.base/java.lang.Thread.run(Thread.java:1570)
2024-07-15 18:32:17,092 INFO o.s.o.j.AbstractEntityManagerFactoryBean [SpringApplicationShutdownHook] Closing JPA EntityManagerFactory for persistence unit 'default'
2024-07-15 18:32:17,095 INFO c.z.h.HikariDataSource [SpringApplicationShutdownHook] HikariPool-1 - Shutdown initiated...
2024-07-15 18:32:17,097 INFO c.z.h.HikariDataSource [SpringApplicationShutdownHook] HikariPool-1 - Shutdown completed.
2024-07-15 18:32:55,015 INFO o.s.b.StartupInfoLogger [main] Starting Application using Java 22.0.1 with PID 20436 (E:\PROGRAMMING\JAVA\PROJECTS\Ambalaj\target\classes started by moham in E:\PROGRAMMING\JAVA\PROJECTS\Ambalaj)
2024-07-15 18:32:55,017 INFO o.s.b.SpringApplication [main] The following 1 profile is active: "dev"
2024-07-15 18:32:55,563 INFO o.s.d.r.c.RepositoryConfigurationDelegate [main] Bootstrapping Spring Data JPA repositories in DEFAULT mode.
2024-07-15 18:32:55,582 INFO o.s.d.r.c.RepositoryConfigurationDelegate [main] Finished Spring Data repository scanning in 11 ms. Found 0 JPA repository interfaces.
2024-07-15 18:32:56,186 INFO o.s.b.w.e.t.TomcatWebServer [main] Tomcat initialized with port 8080 (http)
2024-07-15 18:32:56,194 INFO o.a.j.l.DirectJDKLog [main] Initializing ProtocolHandler ["http-nio-8080"]
2024-07-15 18:32:56,196 INFO o.a.j.l.DirectJDKLog [main] Starting service [Tomcat]
2024-07-15 18:32:56,197 INFO o.a.j.l.DirectJDKLog [main] Starting Servlet engine: [Apache Tomcat/10.1.25]
2024-07-15 18:32:56,267 INFO o.a.j.l.DirectJDKLog [main] Initializing Spring embedded WebApplicationContext
2024-07-15 18:32:56,268 INFO o.s.b.w.s.c.ServletWebServerApplicationContext [main] Root WebApplicationContext: initialization completed in 1217 ms
2024-07-15 18:32:56,424 INFO o.h.j.i.u.LogHelper [main] HHH000204: Processing PersistenceUnitInfo [name: default]
2024-07-15 18:32:56,474 INFO o.h.Version [main] HHH000412: Hibernate ORM core version 6.5.2.Final
2024-07-15 18:32:56,501 INFO o.h.c.i.RegionFactoryInitiator [main] HHH000026: Second-level cache disabled
2024-07-15 18:32:56,755 INFO o.s.o.j.p.SpringPersistenceUnitInfo [main] No LoadTimeWeaver setup: ignoring JPA class transformer
2024-07-15 18:32:56,777 INFO c.z.h.HikariDataSource [main] HikariPool-1 - Starting...
2024-07-15 18:32:56,929 INFO c.z.h.p.HikariPool [main] HikariPool-1 - Added connection org.postgresql.jdbc.PgConnection@218df7d6
2024-07-15 18:32:56,931 INFO c.z.h.HikariDataSource [main] HikariPool-1 - Start completed.
2024-07-15 18:32:57,241 INFO o.h.e.t.j.p.i.JtaPlatformInitiator [main] HHH000489: No JTA platform available (set 'hibernate.transaction.jta.platform' to enable JTA platform integration)
2024-07-15 18:32:57,245 INFO o.s.o.j.AbstractEntityManagerFactoryBean [main] Initialized JPA EntityManagerFactory for persistence unit 'default'
2024-07-15 18:32:57,334 WARN o.s.b.a.o.j.JpaBaseConfiguration$JpaWebConfiguration [main] spring.jpa.open-in-view is enabled by default. Therefore, database queries may be performed during view rendering. Explicitly configure spring.jpa.open-in-view to disable this warning
2024-07-15 18:32:57,827 INFO o.a.j.l.DirectJDKLog [main] Starting ProtocolHandler ["http-nio-8080"]
2024-07-15 18:32:57,844 INFO o.s.b.w.e.t.TomcatWebServer [main] Tomcat started on port 8080 (http) with context path '/'
2024-07-15 18:32:57,851 INFO o.s.b.StartupInfoLogger [main] Started Application in 3.301 seconds (process running for 3.636)
2024-07-15 18:33:10,281 INFO o.a.j.l.DirectJDKLog [http-nio-8080-exec-2] Initializing Spring DispatcherServlet 'dispatcherServlet'
2024-07-15 18:33:10,281 INFO o.s.w.s.FrameworkServlet [http-nio-8080-exec-2] Initializing Servlet 'dispatcherServlet'
2024-07-15 18:33:10,282 INFO o.s.w.s.FrameworkServlet [http-nio-8080-exec-2] Completed initialization in 0 ms
2024-07-15 18:37:00,067 INFO o.s.o.j.AbstractEntityManagerFactoryBean [SpringApplicationShutdownHook] Closing JPA EntityManagerFactory for persistence unit 'default'
2024-07-15 18:37:00,069 INFO c.z.h.HikariDataSource [SpringApplicationShutdownHook] HikariPool-1 - Shutdown initiated...
2024-07-15 18:37:00,072 INFO c.z.h.HikariDataSource [SpringApplicationShutdownHook] HikariPool-1 - Shutdown completed.
2024-07-15 18:37:02,793 INFO o.s.b.StartupInfoLogger [main] Starting Application using Java 22.0.1 with PID 5872 (E:\PROGRAMMING\JAVA\PROJECTS\Ambalaj\target\classes started by moham in E:\PROGRAMMING\JAVA\PROJECTS\Ambalaj)
2024-07-15 18:37:02,794 INFO o.s.b.SpringApplication [main] The following 1 profile is active: "dev"
2024-07-15 18:37:03,334 INFO o.s.d.r.c.RepositoryConfigurationDelegate [main] Bootstrapping Spring Data JPA repositories in DEFAULT mode.
2024-07-15 18:37:03,354 INFO o.s.d.r.c.RepositoryConfigurationDelegate [main] Finished Spring Data repository scanning in 12 ms. Found 0 JPA repository interfaces.
2024-07-15 18:37:03,987 INFO o.s.b.w.e.t.TomcatWebServer [main] Tomcat initialized with port 8080 (http)
2024-07-15 18:37:03,996 INFO o.a.j.l.DirectJDKLog [main] Initializing ProtocolHandler ["http-nio-8080"]
2024-07-15 18:37:04,000 INFO o.a.j.l.DirectJDKLog [main] Starting service [Tomcat]
2024-07-15 18:37:04,000 INFO o.a.j.l.DirectJDKLog [main] Starting Servlet engine: [Apache Tomcat/10.1.25]
2024-07-15 18:37:04,064 INFO o.a.j.l.DirectJDKLog [main] Initializing Spring embedded WebApplicationContext
2024-07-15 18:37:04,065 INFO o.s.b.w.s.c.ServletWebServerApplicationContext [main] Root WebApplicationContext: initialization completed in 1232 ms
2024-07-15 18:37:04,223 INFO o.h.j.i.u.LogHelper [main] HHH000204: Processing PersistenceUnitInfo [name: default]
2024-07-15 18:37:04,273 INFO o.h.Version [main] HHH000412: Hibernate ORM core version 6.5.2.Final
2024-07-15 18:37:04,303 INFO o.h.c.i.RegionFactoryInitiator [main] HHH000026: Second-level cache disabled
2024-07-15 18:37:04,555 INFO o.s.o.j.p.SpringPersistenceUnitInfo [main] No LoadTimeWeaver setup: ignoring JPA class transformer
2024-07-15 18:37:04,578 INFO c.z.h.HikariDataSource [main] HikariPool-1 - Starting...
2024-07-15 18:37:04,740 INFO c.z.h.p.HikariPool [main] HikariPool-1 - Added connection org.postgresql.jdbc.PgConnection@165d1d54
2024-07-15 18:37:04,741 INFO c.z.h.HikariDataSource [main] HikariPool-1 - Start completed.
2024-07-15 18:37:05,073 INFO o.h.e.t.j.p.i.JtaPlatformInitiator [main] HHH000489: No JTA platform available (set 'hibernate.transaction.jta.platform' to enable JTA platform integration)
2024-07-15 18:37:05,078 INFO o.s.o.j.AbstractEntityManagerFactoryBean [main] Initialized JPA EntityManagerFactory for persistence unit 'default'
2024-07-15 18:37:05,182 WARN o.s.b.a.o.j.JpaBaseConfiguration$JpaWebConfiguration [main] spring.jpa.open-in-view is enabled by default. Therefore, database queries may be performed during view rendering. Explicitly configure spring.jpa.open-in-view to disable this warning
2024-07-15 18:37:05,706 INFO o.a.j.l.DirectJDKLog [main] Starting ProtocolHandler ["http-nio-8080"]
2024-07-15 18:37:05,725 INFO o.s.b.w.e.t.TomcatWebServer [main] Tomcat started on port 8080 (http) with context path '/'
2024-07-15 18:37:05,733 INFO o.s.b.StartupInfoLogger [main] Started Application in 3.407 seconds (process running for 3.741)
2024-07-15 18:37:09,443 INFO o.a.j.l.DirectJDKLog [http-nio-8080-exec-2] Initializing Spring DispatcherServlet 'dispatcherServlet'
2024-07-15 18:37:09,443 INFO o.s.w.s.FrameworkServlet [http-nio-8080-exec-2] Initializing Servlet 'dispatcherServlet'
2024-07-15 18:37:09,444 INFO o.s.w.s.FrameworkServlet [http-nio-8080-exec-2] Completed initialization in 1 ms
2024-07-15 18:40:23,626 INFO o.s.o.j.AbstractEntityManagerFactoryBean [SpringApplicationShutdownHook] Closing JPA EntityManagerFactory for persistence unit 'default'
2024-07-15 18:40:23,628 INFO c.z.h.HikariDataSource [SpringApplicationShutdownHook] HikariPool-1 - Shutdown initiated...
2024-07-15 18:40:23,631 INFO c.z.h.HikariDataSource [SpringApplicationShutdownHook] HikariPool-1 - Shutdown completed.
